#
# A fatal error has been detected by the Java Runtime Environment:
#
#  Internal Error (t:/workspace/open/src/hotspot/share/runtime/safepoint.cpp:892), pid=1476, tid=3840
#  fatal error: Deadlock in safepoint code.  Should have called back to the VM before blocking.
#
# JRE version: Java(TM) SE Runtime Environment (11.0+28) (build 11+28)
# Java VM: Java HotSpot(TM) 64-Bit Server VM (11+28, mixed mode, tiered, compressed oops, g1 gc, windows-amd64)
# No core dump will be written. Minidumps are not enabled by default on client versions of Windows
#
# If you would like to submit a bug report, please visit:
#   http://bugreport.java.com/bugreport/crash.jsp
#

---------------  S U M M A R Y ------------

Command Line: -Djava.library.path=C:\opencv\build\java\x64 -javaagent:C:\Program Files\JetBrains\IntelliJ IDEA 2019.2.3\lib\idea_rt.jar=56589:C:\Program Files\JetBrains\IntelliJ IDEA 2019.2.3\bin -Dfile.encoding=UTF-8 main.java.com.company.Runner

Host: Intel(R) Core(TM) i7-6700HQ CPU @ 2.60GHz, 8 cores, 7G,  Windows 10 , 64 bit Build 18362 (10.0.18362.329)
Time: Fri Oct 25 11:35:41 2019 Türkiye Standart Saati elapsed time: 7 seconds (0d 0h 0m 7s)

---------------  T H R E A D  ---------------

Current thread (0x0000022553d6d000):  JavaThread "AWT-EventQueue-0" [_thread_in_native_trans, id=3840, stack(0x000000b22e900000,0x000000b22ea00000)]

Stack: [0x000000b22e900000,0x000000b22ea00000]
Native frames: (J=compiled Java code, j=interpreted, Vv=VM code, C=native code)
V  [jvm.dll+0x63c22a]
V  [jvm.dll+0x7797ef]
V  [jvm.dll+0x77adda]
V  [jvm.dll+0x77b447]
V  [jvm.dll+0x262594]
V  [jvm.dll+0x6a250b]
V  [jvm.dll+0x73886b]
V  [jvm.dll+0x1458c8]
V  [jvm.dll+0x3d0a1c]
C  [opencv_java411.dll+0x1b7b0ee]

Java frames: (J=compiled Java code, j=interpreted, Vv=VM code)
j  org.opencv.imgcodecs.Imgcodecs.imread_1(Ljava/lang/String;)J+0
j  org.opencv.imgcodecs.Imgcodecs.imread(Ljava/lang/String;)Lorg/opencv/core/Mat;+5
j  main.java.com.company.Main.tesseract(Ljava/lang/String;)V+20
j  main.java.com.company.GuiClass.gorselButonActionPerformed(Ljava/awt/event/ActionEvent;)V+134
j  main.java.com.company.GuiClass.access$100(Lmain/java/com/company/GuiClass;Ljava/awt/event/ActionEvent;)V+2
j  main.java.com.company.GuiClass$2.actionPerformed(Ljava/awt/event/ActionEvent;)V+5
j  javax.swing.AbstractButton.fireActionPerformed(Ljava/awt/event/ActionEvent;)V+83 java.desktop@11
j  javax.swing.AbstractButton$Handler.actionPerformed(Ljava/awt/event/ActionEvent;)V+5 java.desktop@11
j  javax.swing.DefaultButtonModel.fireActionPerformed(Ljava/awt/event/ActionEvent;)V+34 java.desktop@11
j  javax.swing.DefaultButtonModel.setPressed(Z)V+117 java.desktop@11
j  javax.swing.plaf.basic.BasicButtonListener.mouseReleased(Ljava/awt/event/MouseEvent;)V+35 java.desktop@11
j  java.awt.AWTEventMulticaster.mouseReleased(Ljava/awt/event/MouseEvent;)V+8 java.desktop@11
j  java.awt.Component.processMouseEvent(Ljava/awt/event/MouseEvent;)V+64 java.desktop@11
j  javax.swing.JComponent.processMouseEvent(Ljava/awt/event/MouseEvent;)V+23 java.desktop@11
J 1726 c1 java.awt.Component.processEvent(Ljava/awt/AWTEvent;)V java.desktop@11 (220 bytes) @ 0x000002253c224114 [0x000002253c223b20+0x00000000000005f4]
J 1725 c1 java.awt.Container.processEvent(Ljava/awt/AWTEvent;)V java.desktop@11 (22 bytes) @ 0x000002253c2235a4 [0x000002253c223280+0x0000000000000324]
J 1695 c1 java.awt.Component.dispatchEventImpl(Ljava/awt/AWTEvent;)V java.desktop@11 (777 bytes) @ 0x000002253c2114c4 [0x000002253c20d8c0+0x0000000000003c04]
J 1556 c1 java.awt.Container.dispatchEventImpl(Ljava/awt/AWTEvent;)V java.desktop@11 (129 bytes) @ 0x000002253c19681c [0x000002253c1966e0+0x000000000000013c]
J 1555 c1 java.awt.Component.dispatchEvent(Ljava/awt/AWTEvent;)V java.desktop@11 (6 bytes) @ 0x000002253c1962b4 [0x000002253c1961c0+0x00000000000000f4]
j  java.awt.LightweightDispatcher.retargetMouseEvent(Ljava/awt/Component;ILjava/awt/event/MouseEvent;)V+349 java.desktop@11
J 1659 c1 java.awt.LightweightDispatcher.processMouseEvent(Ljava/awt/event/MouseEvent;)Z java.desktop@11 (265 bytes) @ 0x000002253c1f2224 [0x000002253c1f1260+0x0000000000000fc4]
J 1697 c1 java.awt.LightweightDispatcher.dispatchEvent(Ljava/awt/AWTEvent;)Z java.desktop@11 (73 bytes) @ 0x000002253c215bc4 [0x000002253c2157a0+0x0000000000000424]
J 1556 c1 java.awt.Container.dispatchEventImpl(Ljava/awt/AWTEvent;)V java.desktop@11 (129 bytes) @ 0x000002253c1967bc [0x000002253c1966e0+0x00000000000000dc]
J 1690 c1 java.awt.Window.dispatchEventImpl(Ljava/awt/AWTEvent;)V java.desktop@11 (23 bytes) @ 0x000002253c2082ec [0x000002253c207d20+0x00000000000005cc]
J 1587 c1 java.awt.EventQueue.dispatchEventImpl(Ljava/awt/AWTEvent;Ljava/lang/Object;)V java.desktop@11 (136 bytes) @ 0x000002253c1a84d4 [0x000002253c1a8040+0x0000000000000494]
J 1586 c1 java.awt.EventQueue$4.run()Ljava/lang/Void; java.desktop@11 (60 bytes) @ 0x000002253c1a78ac [0x000002253c1a7780+0x000000000000012c]
J 1585 c1 java.awt.EventQueue$4.run()Ljava/lang/Object; java.desktop@11 (5 bytes) @ 0x000002253c1a73c4 [0x000002253c1a7340+0x0000000000000084]
v  ~StubRoutines::call_stub
J 1501  java.security.AccessController.doPrivileged(Ljava/security/PrivilegedAction;Ljava/security/AccessControlContext;)Ljava/lang/Object; java.base@11 (0 bytes) @ 0x0000022543488ea6 [0x0000022543488e40+0x0000000000000066]
J 1630 c1 java.awt.EventQueue$5.run()Ljava/lang/Object; java.desktop@11 (5 bytes) @ 0x000002253c1c1a2c [0x000002253c1c16e0+0x000000000000034c]
v  ~StubRoutines::call_stub
J 1501  java.security.AccessController.doPrivileged(Ljava/security/PrivilegedAction;Ljava/security/AccessControlContext;)Ljava/lang/Object; java.base@11 (0 bytes) @ 0x0000022543488ea6 [0x0000022543488e40+0x0000000000000066]
J 1540 c1 java.awt.EventQueue.dispatchEvent(Ljava/awt/AWTEvent;)V java.desktop@11 (80 bytes) @ 0x000002253c18a9ec [0x000002253c189f20+0x0000000000000acc]
J 1542 c1 java.awt.EventDispatchThread.pumpOneEventForFilters(I)V java.desktop@11 (113 bytes) @ 0x000002253c18c52c [0x000002253c18be20+0x000000000000070c]
j  java.awt.EventDispatchThread.pumpEventsForFilter(ILjava/awt/Conditional;Ljava/awt/EventFilter;)V+35 java.desktop@11
j  java.awt.EventDispatchThread.pumpEventsForHierarchy(ILjava/awt/Conditional;Ljava/awt/Component;)V+11 java.desktop@11
j  java.awt.EventDispatchThread.pumpEvents(ILjava/awt/Conditional;)V+4 java.desktop@11
j  java.awt.EventDispatchThread.pumpEvents(Ljava/awt/Conditional;)V+3 java.desktop@11
j  java.awt.EventDispatchThread.run()V+9 java.desktop@11
v  ~StubRoutines::call_stub

---------------  P R O C E S S  ---------------

Threads class SMR info:
_java_thread_list=0x0000022554bd15e0, length=18, elements={
0x00000225529fa800, 0x00000225529f1800, 0x0000022552a03000, 0x0000022552a04000,
0x0000022552a08000, 0x000002255335c000, 0x0000022553364800, 0x00000225534ec800,
0x00000225537fa800, 0x00000225537fb800, 0x0000022553eeb000, 0x0000022553d71000,
0x0000022553c2f000, 0x0000022553d6d000, 0x0000022531e4c800, 0x00000225544f2000,
0x00000225549a0800, 0x0000022554629800
}

Java Threads: ( => current thread )
  0x00000225529fa800 JavaThread "Reference Handler" daemon [_thread_blocked, id=13572, stack(0x000000b22da00000,0x000000b22db00000)]
  0x00000225529f1800 JavaThread "Finalizer" daemon [_thread_blocked, id=5676, stack(0x000000b22db00000,0x000000b22dc00000)]
  0x0000022552a03000 JavaThread "Signal Dispatcher" daemon [_thread_blocked, id=6140, stack(0x000000b22dc00000,0x000000b22dd00000)]
  0x0000022552a04000 JavaThread "Attach Listener" daemon [_thread_blocked, id=792, stack(0x000000b22dd00000,0x000000b22de00000)]
  0x0000022552a08000 JavaThread "C2 CompilerThread0" daemon [_thread_blocked, id=6036, stack(0x000000b22de00000,0x000000b22df00000)]
  0x000002255335c000 JavaThread "C1 CompilerThread0" daemon [_thread_blocked, id=6268, stack(0x000000b22df00000,0x000000b22e000000)]
  0x0000022553364800 JavaThread "Sweeper thread" daemon [_thread_blocked, id=5288, stack(0x000000b22e000000,0x000000b22e100000)]
  0x00000225534ec800 JavaThread "Common-Cleaner" daemon [_thread_blocked, id=14044, stack(0x000000b22e100000,0x000000b22e200000)]
  0x00000225537fa800 JavaThread "Monitor Ctrl-Break" daemon [_thread_in_native, id=6456, stack(0x000000b22e300000,0x000000b22e400000)]
  0x00000225537fb800 JavaThread "Service Thread" daemon [_thread_blocked, id=14200, stack(0x000000b22e400000,0x000000b22e500000)]
  0x0000022553eeb000 JavaThread "Java2D Disposer" daemon [_thread_blocked, id=11304, stack(0x000000b22e600000,0x000000b22e700000)]
  0x0000022553d71000 JavaThread "AWT-Shutdown" [_thread_blocked, id=4716, stack(0x000000b22e700000,0x000000b22e800000)]
  0x0000022553c2f000 JavaThread "AWT-Windows" daemon [_thread_in_native, id=13000, stack(0x000000b22e800000,0x000000b22e900000)]
=>0x0000022553d6d000 JavaThread "AWT-EventQueue-0" [_thread_in_native_trans, id=3840, stack(0x000000b22e900000,0x000000b22ea00000)]
  0x0000022531e4c800 JavaThread "DestroyJavaVM" [_thread_blocked, id=9900, stack(0x000000b22d300000,0x000000b22d400000)]
  0x00000225544f2000 JavaThread "TimerQueue" daemon [_thread_blocked, id=12032, stack(0x000000b22ed00000,0x000000b22ee00000)]
  0x00000225549a0800 JavaThread "Image Fetcher 0" daemon [_thread_blocked, id=3852, stack(0x000000b22e200000,0x000000b22e300000)]
  0x0000022554629800 JavaThread "Swing-Shell" daemon [_thread_blocked, id=4468, stack(0x000000b22f500000,0x000000b22f600000)]

Other Threads:
  0x00000225529c3000 VMThread "VM Thread" [stack: 0x000000b22d900000,0x000000b22da00000] [id=11732]
  0x00000225537fc800 WatcherThread [stack: 0x000000b22e500000,0x000000b22e600000] [id=1588]
  0x0000022531e64800 GCTaskThread "GC Thread#0" [stack: 0x000000b22d400000,0x000000b22d500000] [id=11888]
  0x00000225549a4000 GCTaskThread "GC Thread#1" [stack: 0x000000b22ee00000,0x000000b22ef00000] [id=1660]
  0x00000225549a4800 GCTaskThread "GC Thread#2" [stack: 0x000000b22ef00000,0x000000b22f000000] [id=11148]
  0x00000225549a5000 GCTaskThread "GC Thread#3" [stack: 0x000000b22f000000,0x000000b22f100000] [id=6224]
  0x00000225549a6000 GCTaskThread "GC Thread#4" [stack: 0x000000b22f100000,0x000000b22f200000] [id=2160]
  0x00000225549a6800 GCTaskThread "GC Thread#5" [stack: 0x000000b22f200000,0x000000b22f300000] [id=5212]
  0x0000022531e97000 ConcurrentGCThread "G1 Main Marker" [stack: 0x000000b22d500000,0x000000b22d600000] [id=8940]
  0x0000022531e99000 ConcurrentGCThread "G1 Conc#0" [stack: 0x000000b22d600000,0x000000b22d700000] [id=6816]
  0x00000225539b6800 ConcurrentGCThread "G1 Conc#1" [stack: 0x000000b22f400000,0x000000b22f500000] [id=9456]
  0x0000022552830800 ConcurrentGCThread "G1 Refine#0" [stack: 0x000000b22d700000,0x000000b22d800000] [id=8804]
  0x000002255381d800 ConcurrentGCThread "G1 Refine#1" [stack: 0x000000b22f300000,0x000000b22f400000] [id=11992]
  0x0000022552831000 ConcurrentGCThread "G1 Young RemSet Sampling" [stack: 0x000000b22d800000,0x000000b22d900000] [id=13844]

Threads with active compile tasks:

VM state:synchronizing (normal execution)

VM Mutex/Monitor currently owned by a thread:  ([mutex/lock_event])
[0x0000022531e4bbb0] Threads_lock - owner thread: 0x00000225529c3000

Heap address: 0x0000000081a00000, size: 2022 MB, Compressed Oops mode: 32-bit
Narrow klass base: 0x0000000000000000, Narrow klass shift: 3
Compressed class space size: 1073741824 Address: 0x0000000100000000

Heap:
 garbage-first heap   total 131072K, used 14838K [0x0000000081a00000, 0x0000000100000000)
  region size 1024K, 6 young (6144K), 1 survivors (1024K)
 Metaspace       used 22651K, capacity 23206K, committed 23296K, reserved 1069056K
  class space    used 2559K, capacity 2813K, committed 2816K, reserved 1048576K
Heap Regions: E=young(eden), S=young(survivor), O=old, HS=humongous(starts), HC=humongous(continues), CS=collection set, F=free, A=archive, TAMS=top-at-mark-start (previous, next)
|   0|0x0000000081a00000, 0x0000000081b00000, 0x0000000081b00000|100%|HS|  |TAMS 0x0000000081b00000, 0x0000000081a00000| Complete 
|   1|0x0000000081b00000, 0x0000000081c00000, 0x0000000081c00000|100%|HC|  |TAMS 0x0000000081c00000, 0x0000000081b00000| Complete 
|   2|0x0000000081c00000, 0x0000000081d00000, 0x0000000081d00000|100%|HC|  |TAMS 0x0000000081d00000, 0x0000000081c00000| Complete 
|   3|0x0000000081d00000, 0x0000000081e00000, 0x0000000081e00000|100%|HC|  |TAMS 0x0000000081e00000, 0x0000000081d00000| Complete 
|   4|0x0000000081e00000, 0x0000000081f00000, 0x0000000081f00000|100%|HC|  |TAMS 0x0000000081f00000, 0x0000000081e00000| Complete 
|   5|0x0000000081f00000, 0x0000000082000000, 0x0000000082000000|100%| O|  |TAMS 0x0000000082000000, 0x0000000081f00000| Untracked 
|   6|0x0000000082000000, 0x0000000082100000, 0x0000000082100000|100%| O|  |TAMS 0x00000000820b8e00, 0x0000000082000000| Untracked 
|   7|0x0000000082100000, 0x0000000082200000, 0x0000000082200000|100%| O|  |TAMS 0x0000000082100000, 0x0000000082100000| Untracked 
|   8|0x0000000082200000, 0x0000000082300000, 0x0000000082300000|100%| O|  |TAMS 0x0000000082200000, 0x0000000082200000| Untracked 
|   9|0x0000000082300000, 0x00000000823c4200, 0x0000000082400000| 76%| O|  |TAMS 0x0000000082300000, 0x0000000082300000| Untracked 
|  10|0x0000000082400000, 0x0000000082400000, 0x0000000082500000|  0%| F|  |TAMS 0x0000000082400000, 0x0000000082400000| Untracked 
|  11|0x0000000082500000, 0x0000000082500000, 0x0000000082600000|  0%| F|  |TAMS 0x0000000082500000, 0x0000000082500000| Untracked 
|  12|0x0000000082600000, 0x0000000082600000, 0x0000000082700000|  0%| F|  |TAMS 0x0000000082600000, 0x0000000082600000| Untracked 
|  13|0x0000000082700000, 0x0000000082700000, 0x0000000082800000|  0%| F|  |TAMS 0x0000000082700000, 0x0000000082700000| Untracked 
|  14|0x0000000082800000, 0x0000000082800000, 0x0000000082900000|  0%| F|  |TAMS 0x0000000082800000, 0x0000000082800000| Untracked 
|  15|0x0000000082900000, 0x0000000082900000, 0x0000000082a00000|  0%| F|  |TAMS 0x0000000082900000, 0x0000000082900000| Untracked 
|  16|0x0000000082a00000, 0x0000000082a00000, 0x0000000082b00000|  0%| F|  |TAMS 0x0000000082a00000, 0x0000000082a00000| Untracked 
|  17|0x0000000082b00000, 0x0000000082b00000, 0x0000000082c00000|  0%| F|  |TAMS 0x0000000082b00000, 0x0000000082b00000| Untracked 
|  18|0x0000000082c00000, 0x0000000082c00000, 0x0000000082d00000|  0%| F|  |TAMS 0x0000000082c00000, 0x0000000082c00000| Untracked 
|  19|0x0000000082d00000, 0x0000000082d00000, 0x0000000082e00000|  0%| F|  |TAMS 0x0000000082d00000, 0x0000000082d00000| Untracked 
|  20|0x0000000082e00000, 0x0000000082e00000, 0x0000000082f00000|  0%| F|  |TAMS 0x0000000082e00000, 0x0000000082e00000| Untracked 
|  21|0x0000000082f00000, 0x0000000082f00000, 0x0000000083000000|  0%| F|  |TAMS 0x0000000082f00000, 0x0000000082f00000| Untracked 
|  22|0x0000000083000000, 0x0000000083000000, 0x0000000083100000|  0%| F|  |TAMS 0x0000000083000000, 0x0000000083000000| Untracked 
|  23|0x0000000083100000, 0x0000000083100000, 0x0000000083200000|  0%| F|  |TAMS 0x0000000083100000, 0x0000000083100000| Untracked 
|  24|0x0000000083200000, 0x0000000083200000, 0x0000000083300000|  0%| F|  |TAMS 0x0000000083200000, 0x0000000083200000| Untracked 
|  25|0x0000000083300000, 0x0000000083300000, 0x0000000083400000|  0%| F|  |TAMS 0x0000000083300000, 0x0000000083300000| Untracked 
|  26|0x0000000083400000, 0x0000000083400000, 0x0000000083500000|  0%| F|  |TAMS 0x0000000083400000, 0x0000000083400000| Untracked 
|  27|0x0000000083500000, 0x0000000083500000, 0x0000000083600000|  0%| F|  |TAMS 0x0000000083500000, 0x0000000083500000| Untracked 
|  28|0x0000000083600000, 0x0000000083600000, 0x0000000083700000|  0%| F|  |TAMS 0x0000000083600000, 0x0000000083600000| Untracked 
|  29|0x0000000083700000, 0x0000000083700000, 0x0000000083800000|  0%| F|  |TAMS 0x0000000083700000, 0x0000000083700000| Untracked 
|  30|0x0000000083800000, 0x0000000083800000, 0x0000000083900000|  0%| F|  |TAMS 0x0000000083800000, 0x0000000083800000| Untracked 
|  31|0x0000000083900000, 0x0000000083900000, 0x0000000083a00000|  0%| F|  |TAMS 0x0000000083900000, 0x0000000083900000| Untracked 
|  32|0x0000000083a00000, 0x0000000083a00000, 0x0000000083b00000|  0%| F|  |TAMS 0x0000000083a00000, 0x0000000083a00000| Untracked 
|  33|0x0000000083b00000, 0x0000000083b00000, 0x0000000083c00000|  0%| F|  |TAMS 0x0000000083b00000, 0x0000000083b00000| Untracked 
|  34|0x0000000083c00000, 0x0000000083c00000, 0x0000000083d00000|  0%| F|  |TAMS 0x0000000083c00000, 0x0000000083c00000| Untracked 
|  35|0x0000000083d00000, 0x0000000083d00000, 0x0000000083e00000|  0%| F|  |TAMS 0x0000000083d00000, 0x0000000083d00000| Untracked 
|  36|0x0000000083e00000, 0x0000000083e00000, 0x0000000083f00000|  0%| F|  |TAMS 0x0000000083e00000, 0x0000000083e00000| Untracked 
|  37|0x0000000083f00000, 0x0000000083f00000, 0x0000000084000000|  0%| F|  |TAMS 0x0000000083f00000, 0x0000000083f00000| Untracked 
|  38|0x0000000084000000, 0x0000000084000000, 0x0000000084100000|  0%| F|  |TAMS 0x0000000084000000, 0x0000000084000000| Untracked 
|  39|0x0000000084100000, 0x0000000084100000, 0x0000000084200000|  0%| F|  |TAMS 0x0000000084100000, 0x0000000084100000| Untracked 
|  40|0x0000000084200000, 0x0000000084200000, 0x0000000084300000|  0%| F|  |TAMS 0x0000000084200000, 0x0000000084200000| Untracked 
|  41|0x0000000084300000, 0x0000000084300000, 0x0000000084400000|  0%| F|  |TAMS 0x0000000084300000, 0x0000000084300000| Untracked 
|  42|0x0000000084400000, 0x0000000084400000, 0x0000000084500000|  0%| F|  |TAMS 0x0000000084400000, 0x0000000084400000| Untracked 
|  43|0x0000000084500000, 0x0000000084500000, 0x0000000084600000|  0%| F|  |TAMS 0x0000000084500000, 0x0000000084500000| Untracked 
|  44|0x0000000084600000, 0x0000000084600000, 0x0000000084700000|  0%| F|  |TAMS 0x0000000084600000, 0x0000000084600000| Untracked 
|  45|0x0000000084700000, 0x0000000084700000, 0x0000000084800000|  0%| F|  |TAMS 0x0000000084700000, 0x0000000084700000| Untracked 
|  46|0x0000000084800000, 0x0000000084800000, 0x0000000084900000|  0%| F|  |TAMS 0x0000000084800000, 0x0000000084800000| Untracked 
|  47|0x0000000084900000, 0x0000000084900000, 0x0000000084a00000|  0%| F|  |TAMS 0x0000000084900000, 0x0000000084900000| Untracked 
|  48|0x0000000084a00000, 0x0000000084a00000, 0x0000000084b00000|  0%| F|  |TAMS 0x0000000084a00000, 0x0000000084a00000| Untracked 
|  49|0x0000000084b00000, 0x0000000084b00000, 0x0000000084c00000|  0%| F|  |TAMS 0x0000000084b00000, 0x0000000084b00000| Untracked 
|  50|0x0000000084c00000, 0x0000000084c00000, 0x0000000084d00000|  0%| F|  |TAMS 0x0000000084c00000, 0x0000000084c00000| Untracked 
|  51|0x0000000084d00000, 0x0000000084d00000, 0x0000000084e00000|  0%| F|  |TAMS 0x0000000084d00000, 0x0000000084d00000| Untracked 
|  52|0x0000000084e00000, 0x0000000084e00000, 0x0000000084f00000|  0%| F|  |TAMS 0x0000000084e00000, 0x0000000084e00000| Untracked 
|  53|0x0000000084f00000, 0x0000000084f00000, 0x0000000085000000|  0%| F|  |TAMS 0x0000000084f00000, 0x0000000084f00000| Untracked 
|  54|0x0000000085000000, 0x0000000085000000, 0x0000000085100000|  0%| F|  |TAMS 0x0000000085000000, 0x0000000085000000| Untracked 
|  55|0x0000000085100000, 0x0000000085100000, 0x0000000085200000|  0%| F|  |TAMS 0x0000000085100000, 0x0000000085100000| Untracked 
|  56|0x0000000085200000, 0x0000000085200000, 0x0000000085300000|  0%| F|  |TAMS 0x0000000085200000, 0x0000000085200000| Untracked 
|  57|0x0000000085300000, 0x0000000085300000, 0x0000000085400000|  0%| F|  |TAMS 0x0000000085300000, 0x0000000085300000| Untracked 
|  58|0x0000000085400000, 0x0000000085400000, 0x0000000085500000|  0%| F|  |TAMS 0x0000000085400000, 0x0000000085400000| Untracked 
|  59|0x0000000085500000, 0x0000000085500000, 0x0000000085600000|  0%| F|  |TAMS 0x0000000085500000, 0x0000000085500000| Untracked 
|  60|0x0000000085600000, 0x0000000085600000, 0x0000000085700000|  0%| F|  |TAMS 0x0000000085600000, 0x0000000085600000| Untracked 
|  61|0x0000000085700000, 0x0000000085700000, 0x0000000085800000|  0%| F|  |TAMS 0x0000000085700000, 0x0000000085700000| Untracked 
|  62|0x0000000085800000, 0x0000000085800000, 0x0000000085900000|  0%| F|  |TAMS 0x0000000085800000, 0x0000000085800000| Untracked 
|  63|0x0000000085900000, 0x0000000085900000, 0x0000000085a00000|  0%| F|  |TAMS 0x0000000085900000, 0x0000000085900000| Untracked 
|  64|0x0000000085a00000, 0x0000000085a00000, 0x0000000085b00000|  0%| F|  |TAMS 0x0000000085a00000, 0x0000000085a00000| Untracked 
|  65|0x0000000085b00000, 0x0000000085b00000, 0x0000000085c00000|  0%| F|  |TAMS 0x0000000085b00000, 0x0000000085b00000| Untracked 
|  66|0x0000000085c00000, 0x0000000085c00000, 0x0000000085d00000|  0%| F|  |TAMS 0x0000000085c00000, 0x0000000085c00000| Untracked 
|  67|0x0000000085d00000, 0x0000000085d00000, 0x0000000085e00000|  0%| F|  |TAMS 0x0000000085d00000, 0x0000000085d00000| Untracked 
|  68|0x0000000085e00000, 0x0000000085e00000, 0x0000000085f00000|  0%| F|  |TAMS 0x0000000085e00000, 0x0000000085e00000| Untracked 
|  69|0x0000000085f00000, 0x0000000085f00000, 0x0000000086000000|  0%| F|  |TAMS 0x0000000085f00000, 0x0000000085f00000| Untracked 
|  70|0x0000000086000000, 0x0000000086000000, 0x0000000086100000|  0%| F|  |TAMS 0x0000000086000000, 0x0000000086000000| Untracked 
|  71|0x0000000086100000, 0x0000000086100000, 0x0000000086200000|  0%| F|  |TAMS 0x0000000086100000, 0x0000000086100000| Untracked 
|  72|0x0000000086200000, 0x0000000086200000, 0x0000000086300000|  0%| F|  |TAMS 0x0000000086200000, 0x0000000086200000| Untracked 
|  73|0x0000000086300000, 0x0000000086300000, 0x0000000086400000|  0%| F|  |TAMS 0x0000000086300000, 0x0000000086300000| Untracked 
|  74|0x0000000086400000, 0x0000000086400000, 0x0000000086500000|  0%| F|  |TAMS 0x0000000086400000, 0x0000000086400000| Untracked 
|  75|0x0000000086500000, 0x0000000086500000, 0x0000000086600000|  0%| F|  |TAMS 0x0000000086500000, 0x0000000086500000| Untracked 
|  76|0x0000000086600000, 0x0000000086600000, 0x0000000086700000|  0%| F|  |TAMS 0x0000000086600000, 0x0000000086600000| Untracked 
|  77|0x0000000086700000, 0x0000000086700000, 0x0000000086800000|  0%| F|  |TAMS 0x0000000086700000, 0x0000000086700000| Untracked 
|  78|0x0000000086800000, 0x0000000086800000, 0x0000000086900000|  0%| F|  |TAMS 0x0000000086800000, 0x0000000086800000| Untracked 
|  79|0x0000000086900000, 0x0000000086900000, 0x0000000086a00000|  0%| F|  |TAMS 0x0000000086900000, 0x0000000086900000| Untracked 
|  80|0x0000000086a00000, 0x0000000086a00000, 0x0000000086b00000|  0%| F|  |TAMS 0x0000000086a00000, 0x0000000086a00000| Untracked 
|  81|0x0000000086b00000, 0x0000000086b00000, 0x0000000086c00000|  0%| F|  |TAMS 0x0000000086b00000, 0x0000000086b00000| Untracked 
|  82|0x0000000086c00000, 0x0000000086c00000, 0x0000000086d00000|  0%| F|  |TAMS 0x0000000086c00000, 0x0000000086c00000| Untracked 
|  83|0x0000000086d00000, 0x0000000086d00000, 0x0000000086e00000|  0%| F|  |TAMS 0x0000000086d00000, 0x0000000086d00000| Untracked 
|  84|0x0000000086e00000, 0x0000000086e00000, 0x0000000086f00000|  0%| F|  |TAMS 0x0000000086e00000, 0x0000000086e00000| Untracked 
|  85|0x0000000086f00000, 0x0000000086f00000, 0x0000000087000000|  0%| F|  |TAMS 0x0000000086f00000, 0x0000000086f00000| Untracked 
|  86|0x0000000087000000, 0x0000000087000000, 0x0000000087100000|  0%| F|  |TAMS 0x0000000087000000, 0x0000000087000000| Untracked 
|  87|0x0000000087100000, 0x0000000087100000, 0x0000000087200000|  0%| F|  |TAMS 0x0000000087100000, 0x0000000087100000| Untracked 
|  88|0x0000000087200000, 0x0000000087200000, 0x0000000087300000|  0%| F|  |TAMS 0x0000000087200000, 0x0000000087200000| Untracked 
|  89|0x0000000087300000, 0x0000000087300000, 0x0000000087400000|  0%| F|  |TAMS 0x0000000087300000, 0x0000000087300000| Untracked 
|  90|0x0000000087400000, 0x0000000087400000, 0x0000000087500000|  0%| F|  |TAMS 0x0000000087400000, 0x0000000087400000| Untracked 
|  91|0x0000000087500000, 0x0000000087500000, 0x0000000087600000|  0%| F|  |TAMS 0x0000000087500000, 0x0000000087500000| Untracked 
|  92|0x0000000087600000, 0x0000000087600000, 0x0000000087700000|  0%| F|  |TAMS 0x0000000087600000, 0x0000000087600000| Untracked 
|  93|0x0000000087700000, 0x0000000087700000, 0x0000000087800000|  0%| F|  |TAMS 0x0000000087700000, 0x0000000087700000| Untracked 
|  94|0x0000000087800000, 0x0000000087800000, 0x0000000087900000|  0%| F|  |TAMS 0x0000000087800000, 0x0000000087800000| Untracked 
|  95|0x0000000087900000, 0x0000000087900000, 0x0000000087a00000|  0%| F|  |TAMS 0x0000000087900000, 0x0000000087900000| Untracked 
|  96|0x0000000087a00000, 0x0000000087a00000, 0x0000000087b00000|  0%| F|  |TAMS 0x0000000087a00000, 0x0000000087a00000| Untracked 
|  97|0x0000000087b00000, 0x0000000087b00000, 0x0000000087c00000|  0%| F|  |TAMS 0x0000000087b00000, 0x0000000087b00000| Untracked 
|  98|0x0000000087c00000, 0x0000000087c00000, 0x0000000087d00000|  0%| F|  |TAMS 0x0000000087c00000, 0x0000000087c00000| Untracked 
|  99|0x0000000087d00000, 0x0000000087d00000, 0x0000000087e00000|  0%| F|  |TAMS 0x0000000087d00000, 0x0000000087d00000| Untracked 
| 100|0x0000000087e00000, 0x0000000087e00000, 0x0000000087f00000|  0%| F|  |TAMS 0x0000000087e00000, 0x0000000087e00000| Untracked 
| 101|0x0000000087f00000, 0x0000000087f00000, 0x0000000088000000|  0%| F|  |TAMS 0x0000000087f00000, 0x0000000087f00000| Untracked 
| 102|0x0000000088000000, 0x0000000088000000, 0x0000000088100000|  0%| F|  |TAMS 0x0000000088000000, 0x0000000088000000| Untracked 
| 103|0x0000000088100000, 0x0000000088100000, 0x0000000088200000|  0%| F|  |TAMS 0x0000000088100000, 0x0000000088100000| Untracked 
| 104|0x0000000088200000, 0x0000000088200000, 0x0000000088300000|  0%| F|  |TAMS 0x0000000088200000, 0x0000000088200000| Untracked 
| 105|0x0000000088300000, 0x0000000088300000, 0x0000000088400000|  0%| F|  |TAMS 0x0000000088300000, 0x0000000088300000| Untracked 
| 106|0x0000000088400000, 0x0000000088400000, 0x0000000088500000|  0%| F|  |TAMS 0x0000000088400000, 0x0000000088400000| Untracked 
| 107|0x0000000088500000, 0x0000000088500000, 0x0000000088600000|  0%| F|  |TAMS 0x0000000088500000, 0x0000000088500000| Untracked 
| 108|0x0000000088600000, 0x0000000088600000, 0x0000000088700000|  0%| F|  |TAMS 0x0000000088600000, 0x0000000088600000| Untracked 
| 109|0x0000000088700000, 0x0000000088700000, 0x0000000088800000|  0%| F|  |TAMS 0x0000000088700000, 0x0000000088700000| Untracked 
| 110|0x0000000088800000, 0x0000000088800000, 0x0000000088900000|  0%| F|  |TAMS 0x0000000088800000, 0x0000000088800000| Untracked 
| 111|0x0000000088900000, 0x0000000088900000, 0x0000000088a00000|  0%| F|  |TAMS 0x0000000088900000, 0x0000000088900000| Untracked 
| 112|0x0000000088a00000, 0x0000000088a00000, 0x0000000088b00000|  0%| F|  |TAMS 0x0000000088a00000, 0x0000000088a00000| Untracked 
| 113|0x0000000088b00000, 0x0000000088b00000, 0x0000000088c00000|  0%| F|  |TAMS 0x0000000088b00000, 0x0000000088b00000| Untracked 
| 114|0x0000000088c00000, 0x0000000088c00000, 0x0000000088d00000|  0%| F|  |TAMS 0x0000000088c00000, 0x0000000088c00000| Untracked 
| 115|0x0000000088d00000, 0x0000000088d00000, 0x0000000088e00000|  0%| F|  |TAMS 0x0000000088d00000, 0x0000000088d00000| Untracked 
| 116|0x0000000088e00000, 0x0000000088e00000, 0x0000000088f00000|  0%| F|  |TAMS 0x0000000088e00000, 0x0000000088e00000| Untracked 
| 117|0x0000000088f00000, 0x0000000088f00000, 0x0000000089000000|  0%| F|  |TAMS 0x0000000088f00000, 0x0000000088f00000| Untracked 
| 118|0x0000000089000000, 0x0000000089000000, 0x0000000089100000|  0%| F|  |TAMS 0x0000000089000000, 0x0000000089000000| Untracked 
| 119|0x0000000089100000, 0x0000000089100000, 0x0000000089200000|  0%| F|  |TAMS 0x0000000089100000, 0x0000000089100000| Untracked 
| 120|0x0000000089200000, 0x0000000089200000, 0x0000000089300000|  0%| F|  |TAMS 0x0000000089200000, 0x0000000089200000| Untracked 
| 121|0x0000000089300000, 0x0000000089300000, 0x0000000089400000|  0%| F|  |TAMS 0x0000000089300000, 0x0000000089300000| Untracked 
| 122|0x0000000089400000, 0x00000000894d0898, 0x0000000089500000| 81%| E|  |TAMS 0x0000000089400000, 0x0000000089400000| Complete 
| 123|0x0000000089500000, 0x0000000089600000, 0x0000000089600000|100%| E|CS|TAMS 0x0000000089500000, 0x0000000089500000| Complete 
| 124|0x0000000089600000, 0x00000000896b9910, 0x0000000089700000| 72%| S|CS|TAMS 0x0000000089600000, 0x0000000089600000| Complete 
| 125|0x0000000089700000, 0x0000000089800000, 0x0000000089800000|100%| E|CS|TAMS 0x0000000089700000, 0x0000000089700000| Complete 
| 126|0x0000000089800000, 0x0000000089900000, 0x0000000089900000|100%| E|CS|TAMS 0x0000000089800000, 0x0000000089800000| Complete 
| 127|0x0000000089900000, 0x0000000089a00000, 0x0000000089a00000|100%| E|CS|TAMS 0x0000000089900000, 0x0000000089900000| Complete 

Card table byte_map: [0x000002254b7a0000,0x000002254bba0000] _byte_map_base: 0x000002254b393000

Marking Bits (Prev, Next): (CMBitMap*) 0x0000022531e8e3f0, (CMBitMap*) 0x0000022531e8e3b8
 Prev Bits: [0x000002254df40000, 0x000002254fed8000)
 Next Bits: [0x000002254bfa0000, 0x000002254df38000)

Polling page: 0x0000022531c90000

Metaspace:

Usage:
  Non-class:     19.92 MB capacity,    19.62 MB ( 99%) used,   237.91 KB (  1%) free+waste,    62.75 KB ( <1%) overhead. 
      Class:      2.75 MB capacity,     2.50 MB ( 91%) used,   220.67 KB (  8%) free+waste,    33.00 KB (  1%) overhead. 
       Both:     22.66 MB capacity,    22.12 MB ( 98%) used,   458.58 KB (  2%) free+waste,    95.75 KB ( <1%) overhead. 

Virtual space:
  Non-class space:       20.00 MB reserved,      20.00 MB (100%) committed 
      Class space:        1.00 GB reserved,       2.75 MB ( <1%) committed 
             Both:        1.02 GB reserved,      22.75 MB (  2%) committed 

Chunk freelists:
   Non-Class:  2.88 KB
       Class:  384 bytes
        Both:  3.25 KB

CodeHeap 'non-profiled nmethods': size=120000Kb used=855Kb max_used=855Kb free=119144Kb
 bounds [0x0000022543400000, 0x0000022543670000, 0x000002254a930000]
CodeHeap 'profiled nmethods': size=120000Kb used=5260Kb max_used=5260Kb free=114740Kb
 bounds [0x000002253bed0000, 0x000002253c400000, 0x0000022543400000]
CodeHeap 'non-nmethods': size=5760Kb used=1253Kb max_used=1284Kb free=4506Kb
 bounds [0x000002253b930000, 0x000002253bba0000, 0x000002253bed0000]
 total_blobs=3600 nmethods=2486 adapters=551
 compilation: enabled
              stopped_count=0, restarted_count=0
 full_count=0

Compilation events (10 events):
Event: 7.021 Thread 0x000002255335c000 2513   !   3       java.util.zip.ZipFile$Source::readFullyAt (74 bytes)
Event: 7.022 Thread 0x000002255335c000 nmethod 2513 0x000002253c3f0590 code [0x000002253c3f07a0, 0x000002253c3f0e70]
Event: 7.022 Thread 0x000002255335c000 2516       3       java.util.ArrayDeque::inc (12 bytes)
Event: 7.022 Thread 0x000002255335c000 nmethod 2516 0x000002253c3f1210 code [0x000002253c3f13c0, 0x000002253c3f1538]
Event: 7.022 Thread 0x000002255335c000 2514       3       java.util.jar.Attributes::getValue (9 bytes)
Event: 7.022 Thread 0x000002255335c000 nmethod 2514 0x000002253c3f1610 code [0x000002253c3f17e0, 0x000002253c3f1b50]
Event: 7.022 Thread 0x000002255335c000 2515       3       java.util.jar.Attributes::get (11 bytes)
Event: 7.022 Thread 0x000002255335c000 nmethod 2515 0x000002253c3f1c90 code [0x000002253c3f1e60, 0x000002253c3f2090]
Event: 7.023 Thread 0x000002255335c000 2517       3       java.lang.ClassLoader::checkPackageAccess (102 bytes)
Event: 7.023 Thread 0x000002255335c000 nmethod 2517 0x000002253c3f2190 code [0x000002253c3f2440, 0x000002253c3f2f90]

GC Heap History (4 events):
Event: 2.055 GC heap before
{Heap before GC invocations=0 (full 0):
 garbage-first heap   total 131072K, used 25600K [0x0000000081a00000, 0x0000000100000000)
  region size 1024K, 21 young (21504K), 0 survivors (0K)
 Metaspace       used 20664K, capacity 21164K, committed 21248K, reserved 1069056K
  class space    used 2279K, capacity 2520K, committed 2560K, reserved 1048576K
}
Event: 2.063 GC heap after
{Heap after GC invocations=1 (full 0):
 garbage-first heap   total 131072K, used 9955K [0x0000000081a00000, 0x0000000100000000)
  region size 1024K, 3 young (3072K), 3 survivors (3072K)
 Metaspace       used 20664K, capacity 21164K, committed 21248K, reserved 1069056K
  class space    used 2279K, capacity 2520K, committed 2560K, reserved 1048576K
}
Event: 2.725 GC heap before
{Heap before GC invocations=2 (full 0):
 garbage-first heap   total 131072K, used 13027K [0x0000000081a00000, 0x0000000100000000)
  region size 1024K, 6 young (6144K), 3 survivors (3072K)
 Metaspace       used 22025K, capacity 22569K, committed 22784K, reserved 1069056K
  class space    used 2528K, capacity 2773K, committed 2816K, reserved 1048576K
}
Event: 2.728 GC heap after
{Heap after GC invocations=3 (full 0):
 garbage-first heap   total 131072K, used 10742K [0x0000000081a00000, 0x0000000100000000)
  region size 1024K, 1 young (1024K), 1 survivors (1024K)
 Metaspace       used 22025K, capacity 22569K, committed 22784K, reserved 1069056K
  class space    used 2528K, capacity 2773K, committed 2816K, reserved 1048576K
}

Deoptimization events (10 events):
Event: 2.729 Thread 0x0000022553d6d000 Uncommon trap: reason=unstable_if action=reinterpret pc=0x0000022543460298 method=java.lang.ref.ReferenceQueue.poll()Ljava/lang/ref/Reference; @ 4 c2
Event: 2.748 Thread 0x0000022553d6d000 Uncommon trap: reason=unstable_if action=reinterpret pc=0x000002254348cac8 method=java.awt.Component.inside(II)Z @ 21 c2
Event: 2.775 Thread 0x0000022553d6d000 Uncommon trap: reason=class_check action=maybe_recompile pc=0x000002254349b138 method=java.util.HashMap.putVal(ILjava/lang/Object;Ljava/lang/Object;ZZ)Ljava/lang/Object; @ 91 c2
Event: 2.775 Thread 0x0000022553d6d000 Uncommon trap: reason=class_check action=maybe_recompile pc=0x000002254349b138 method=java.util.HashMap.putVal(ILjava/lang/Object;Ljava/lang/Object;ZZ)Ljava/lang/Object; @ 91 c2
Event: 2.786 Thread 0x0000022553d6d000 Uncommon trap: reason=unstable_if action=reinterpret pc=0x0000022543455708 method=jdk.internal.org.objectweb.asm.Frame.execute(IILjdk/internal/org/objectweb/asm/ClassWriter;Ljdk/internal/org/objectweb/asm/Item;)V @ 1 c2
Event: 2.815 Thread 0x0000022553d6d000 Uncommon trap: reason=unstable_if action=reinterpret pc=0x000002254342f618 method=java.lang.String.substring(II)Ljava/lang/String; @ 31 c2
Event: 2.815 Thread 0x0000022553d6d000 Uncommon trap: reason=unstable_if action=reinterpret pc=0x0000022543439f70 method=java.lang.String.getBytes([BIB)V @ 5 c2
Event: 3.917 Thread 0x0000022553d6d000 Uncommon trap: reason=unstable_if action=reinterpret pc=0x00000225434bcfbc method=java.awt.Container$MouseEventTargetFilter.accept(Ljava/awt/Component;)Z @ 57 c2
Event: 7.016 Thread 0x0000022553d6d000 Uncommon trap: reason=unstable_if action=reinterpret pc=0x00000225434c2828 method=java.awt.EventQueue.getPriority(Ljava/awt/AWTEvent;)I @ 4 c2
Event: 7.016 Thread 0x0000022553d6d000 Uncommon trap: reason=unstable_if action=reinterpret pc=0x00000225434c8e1c method=java.awt.EventQueue.eventToCacheIndex(Ljava/awt/AWTEvent;)I @ 71 c2

Classes redefined (0 events):
No events

Internal exceptions (10 events):
Event: 0.781 Thread 0x0000022531e4c800 Exception <a 'java/lang/NoSuchMethodError'{0x0000000088976c20}: java.lang.invoke.DirectMethodHandle$Holder.invokeStatic(Ljava/lang/Object;Ljava/lang/Object;Ljava/lang/Object;Ljava/lang/Object;Ljava/lang/Object;Ljava/lang/Object;Ljava/lang/Object;Ljava/lan
Event: 0.783 Thread 0x0000022531e4c800 Exception <a 'java/lang/NoSuchMethodError'{0x0000000088983080}: java.lang.invoke.DirectMethodHandle$Holder.invokeStatic(Ljava/lang/Object;Ljava/lang/Object;Ljava/lang/Object;Ljava/lang/Object;Ljava/lang/Object;Ljava/lang/Object;Ljava/lang/Object;Ljava/lan
Event: 0.784 Thread 0x0000022531e4c800 Exception <a 'java/lang/NoSuchMethodError'{0x000000008898f658}: java.lang.invoke.DirectMethodHandle$Holder.invokeStatic(Ljava/lang/Object;Ljava/lang/Object;Ljava/lang/Object;Ljava/lang/Object;Ljava/lang/Object;Ljava/lang/Object;Ljava/lang/Object;Ljava/lan
Event: 0.790 Thread 0x0000022531e4c800 Exception <a 'java/lang/ClassNotFoundException'{0x00000000889de120}: com/sun/java/swing/plaf/windows/resources/spi/windowsProvider> (0x00000000889de120) thrown at [t:/workspace/open/src/hotspot/share/classfile/systemDictionary.cpp, line 231]
Event: 2.721 Thread 0x0000022553d6d000 Exception <a 'java/lang/NoSuchMethodError'{0x000000008978f520}: java.lang.invoke.DirectMethodHandle$Holder.invokeSpecial(Ljava/lang/Object;Ljava/lang/Object;IIILjava/lang/Object;Ljava/lang/Object;Ljava/lang/Object;)Ljava/lang/Object;> (0x000000008978f520)
Event: 2.721 Thread 0x0000022553d6d000 Exception <a 'java/lang/NoSuchMethodError'{0x00000000897930a0}: java.lang.invoke.DelegatingMethodHandle$Holder.reinvoke_L(Ljava/lang/Object;IIILjava/lang/Object;Ljava/lang/Object;Ljava/lang/Object;)Ljava/lang/Object;> (0x00000000897930a0) thrown at [t:/wo
Event: 2.721 Thread 0x0000022553d6d000 Exception <a 'java/lang/NoSuchMethodError'{0x000000008979abc8}: java.lang.invoke.DirectMethodHandle$Holder.invokeStatic(Ljava/lang/Object;Ljava/lang/Object;Ljava/lang/Object;Ljava/lang/Object;Ljava/lang/Object;I)Ljava/lang/Object;> (0x000000008979abc8) th
Event: 2.787 Thread 0x0000022553d6d000 Exception <a 'java/lang/NoSuchMethodError'{0x000000008995af40}: java.lang.invoke.DirectMethodHandle$Holder.invokeStatic(Ljava/lang/Object;ILjava/lang/Object;Ljava/lang/Object;)Ljava/lang/Object;> (0x000000008995af40) thrown at [t:/workspace/open/src/hotsp
Event: 2.787 Thread 0x0000022553d6d000 Exception <a 'java/lang/NoSuchMethodError'{0x000000008995ee28}: java.lang.invoke.DirectMethodHandle$Holder.invokeSpecial(Ljava/lang/Object;Ljava/lang/Object;ILjava/lang/Object;Ljava/lang/Object;)Ljava/lang/Object;> (0x000000008995ee28) thrown at [t:/works
Event: 2.787 Thread 0x0000022553d6d000 Exception <a 'java/lang/NoSuchMethodError'{0x0000000089962808}: java.lang.invoke.Invokers$Holder.linkToTargetMethod(ILjava/lang/Object;Ljava/lang/Object;Ljava/lang/Object;)Ljava/lang/Object;> (0x0000000089962808) thrown at [t:/workspace/open/src/hotspot/s

Events (10 events):
Event: 7.020 loading class org/opencv/imgcodecs/Imgcodecs done
Event: 7.021 loading class org/opencv/core/Mat
Event: 7.021 loading class org/opencv/core/Mat done
Event: 7.022 loading class org/opencv/core/MatOfInt
Event: 7.022 loading class org/opencv/core/MatOfInt done
Event: 7.022 loading class org/opencv/core/MatOfByte
Event: 7.022 loading class org/opencv/core/MatOfByte done
Event: 7.023 loading class java/lang/UnsupportedOperationException
Event: 7.023 loading class java/lang/UnsupportedOperationException done
Event: 7.030 Executing VM operation: RevokeBias


Dynamic libraries:
0x00007ff6bc580000 - 0x00007ff6bc5c7000 	C:\Program Files\Java\jdk-11\bin\java.exe
0x00007ffaa4340000 - 0x00007ffaa4530000 	C:\WINDOWS\SYSTEM32\ntdll.dll
0x00007ffaa37f0000 - 0x00007ffaa38a2000 	C:\WINDOWS\System32\KERNEL32.DLL
0x00007ffaa12d0000 - 0x00007ffaa1573000 	C:\WINDOWS\System32\KERNELBASE.dll
0x00007ffaa3ce0000 - 0x00007ffaa3d83000 	C:\WINDOWS\System32\ADVAPI32.dll
0x00007ffaa2620000 - 0x00007ffaa26be000 	C:\WINDOWS\System32\msvcrt.dll
0x00007ffaa3750000 - 0x00007ffaa37e7000 	C:\WINDOWS\System32\sechost.dll
0x00007ffaa34c0000 - 0x00007ffaa35e0000 	C:\WINDOWS\System32\RPCRT4.dll
0x00007ffaa2a10000 - 0x00007ffaa2ba4000 	C:\WINDOWS\System32\USER32.dll
0x00007ffaa1980000 - 0x00007ffaa19a1000 	C:\WINDOWS\System32\win32u.dll
0x00007ffaa3c50000 - 0x00007ffaa3c76000 	C:\WINDOWS\System32\GDI32.dll
0x00007ffaa15e0000 - 0x00007ffaa1774000 	C:\WINDOWS\System32\gdi32full.dll
0x00007ffaa2330000 - 0x00007ffaa23ce000 	C:\WINDOWS\System32\msvcp_win.dll
0x00007ffaa17d0000 - 0x00007ffaa18ca000 	C:\WINDOWS\System32\ucrtbase.dll
0x00007ffa91d60000 - 0x00007ffa91fe5000 	C:\WINDOWS\WinSxS\amd64_microsoft.windows.common-controls_6595b64144ccf1df_6.0.18362.418_none_e6c6b287130d565d\COMCTL32.dll
0x00007ffa9b890000 - 0x00007ffa9b89a000 	C:\WINDOWS\SYSTEM32\VERSION.dll
0x00007ffaa26d0000 - 0x00007ffaa2a06000 	C:\WINDOWS\System32\combase.dll
0x00007ffaa18d0000 - 0x00007ffaa1950000 	C:\WINDOWS\System32\bcryptPrimitives.dll
0x00007ffaa3d90000 - 0x00007ffaa3dbe000 	C:\WINDOWS\System32\IMM32.DLL
0x00007ffa9c5f0000 - 0x00007ffa9c606000 	C:\Program Files\Java\jdk-11\bin\vcruntime140.dll
0x00007ffa8fba0000 - 0x00007ffa8fc46000 	C:\Program Files\Java\jdk-11\bin\msvcp140.dll
0x00007ffa42550000 - 0x00007ffa43092000 	C:\Program Files\Java\jdk-11\bin\server\jvm.dll
0x00007ffaa2bb0000 - 0x00007ffaa2bb8000 	C:\WINDOWS\System32\PSAPI.DLL
0x00007ffa9edb0000 - 0x00007ffa9edd4000 	C:\WINDOWS\SYSTEM32\WINMM.dll
0x00007ffa8eff0000 - 0x00007ffa8eff9000 	C:\WINDOWS\SYSTEM32\WSOCK32.dll
0x00007ffaa3450000 - 0x00007ffaa34bf000 	C:\WINDOWS\System32\WS2_32.dll
0x00007ffa9ed80000 - 0x00007ffa9edad000 	C:\WINDOWS\SYSTEM32\winmmbase.dll
0x00007ffaa1780000 - 0x00007ffaa17ca000 	C:\WINDOWS\System32\cfgmgr32.dll
0x00007ffaa1220000 - 0x00007ffaa1231000 	C:\WINDOWS\System32\kernel.appcore.dll
0x00007ffa9c5d0000 - 0x00007ffa9c5e1000 	C:\Program Files\Java\jdk-11\bin\verify.dll
0x00007ffa9fad0000 - 0x00007ffa9fcc4000 	C:\WINDOWS\SYSTEM32\DBGHELP.DLL
0x00007ffa8cb70000 - 0x00007ffa8cb9a000 	C:\WINDOWS\SYSTEM32\dbgcore.DLL
0x00007ffa93460000 - 0x00007ffa93489000 	C:\Program Files\Java\jdk-11\bin\java.dll
0x00007ffa93210000 - 0x00007ffa9323f000 	C:\Program Files\Java\jdk-11\bin\instrument.dll
0x00007ffa963f0000 - 0x00007ffa96406000 	C:\Program Files\Java\jdk-11\bin\zip.dll
0x00007ffa9d700000 - 0x00007ffa9d70a000 	C:\Program Files\Java\jdk-11\bin\jimage.dll
0x00007ffaa2c20000 - 0x00007ffaa3305000 	C:\WINDOWS\System32\SHELL32.dll
0x00007ffaa3a90000 - 0x00007ffaa3b39000 	C:\WINDOWS\System32\shcore.dll
0x00007ffaa1bb0000 - 0x00007ffaa232f000 	C:\WINDOWS\System32\windows.storage.dll
0x00007ffaa12b0000 - 0x00007ffaa12cf000 	C:\WINDOWS\System32\profapi.dll
0x00007ffaa1240000 - 0x00007ffaa128a000 	C:\WINDOWS\System32\powrprof.dll
0x00007ffaa1210000 - 0x00007ffaa1220000 	C:\WINDOWS\System32\UMPDC.dll
0x00007ffaa3bf0000 - 0x00007ffaa3c42000 	C:\WINDOWS\System32\shlwapi.dll
0x00007ffaa23d0000 - 0x00007ffaa23e7000 	C:\WINDOWS\System32\cryptsp.dll
0x00007ffa93440000 - 0x00007ffa93459000 	C:\Program Files\Java\jdk-11\bin\net.dll
0x00007ffa98140000 - 0x00007ffa98230000 	C:\WINDOWS\SYSTEM32\WINHTTP.dll
0x00007ffaa0a80000 - 0x00007ffaa0ae7000 	C:\WINDOWS\system32\mswsock.dll
0x00007ffa931f0000 - 0x00007ffa93203000 	C:\Program Files\Java\jdk-11\bin\nio.dll
0x00007ffa931d0000 - 0x00007ffa931ea000 	C:\Program Files\JetBrains\IntelliJ IDEA 2019.2.3\bin\breakgen64.dll
0x00007ffa3c070000 - 0x00007ffa3f7c2000 	C:\opencv\build\java\x64\opencv_java411.dll
0x00007ffaa3930000 - 0x00007ffaa3a86000 	C:\WINDOWS\System32\ole32.dll
0x00007ffaa3310000 - 0x00007ffaa33d4000 	C:\WINDOWS\System32\OLEAUT32.dll
0x00007ffa912e0000 - 0x00007ffa914da000 	C:\WINDOWS\SYSTEM32\MFPlat.DLL
0x00007ffa91a00000 - 0x00007ffa91a82000 	C:\WINDOWS\SYSTEM32\MF.dll
0x00007ffa66140000 - 0x00007ffa66279000 	C:\WINDOWS\SYSTEM32\MFReadWrite.dll
0x00007ffa5ce20000 - 0x00007ffa5d20c000 	C:\WINDOWS\SYSTEM32\MFCORE.DLL
0x00007ffaa19b0000 - 0x00007ffaa1af9000 	C:\WINDOWS\System32\CRYPT32.dll
0x00007ffaa1290000 - 0x00007ffaa12a2000 	C:\WINDOWS\System32\MSASN1.dll
0x00007ffaa1950000 - 0x00007ffaa1976000 	C:\WINDOWS\System32\bcrypt.dll
0x00007ffa92970000 - 0x00007ffa92979000 	C:\WINDOWS\SYSTEM32\ksuser.dll
0x00007ffaa0c50000 - 0x00007ffaa0c5c000 	C:\WINDOWS\SYSTEM32\CRYPTBASE.DLL
0x00007ffa9b950000 - 0x00007ffa9b97f000 	C:\WINDOWS\SYSTEM32\RTWorkQ.DLL
0x00007ffa6d830000 - 0x00007ffa6d9cf000 	C:\Program Files\Java\jdk-11\bin\awt.dll
0x00007ffa9da90000 - 0x00007ffa9e050000 	C:\WINDOWS\SYSTEM32\d2d1.dll
0x00007ffa9f050000 - 0x00007ffa9f0df000 	C:\WINDOWS\SYSTEM32\apphelp.dll
0x00007ffa9f680000 - 0x00007ffa9f6ad000 	C:\WINDOWS\system32\DWMAPI.DLL
0x00007ffa9f180000 - 0x00007ffa9f219000 	C:\WINDOWS\system32\uxtheme.dll
0x00007ffa85df0000 - 0x00007ffa85f46000 	C:\WINDOWS\system32\opengl32.dll
0x00007ffa8faa0000 - 0x00007ffa8facc000 	C:\WINDOWS\SYSTEM32\GLU32.dll
0x00007ffa9fe60000 - 0x00007ffa9fe80000 	C:\WINDOWS\SYSTEM32\dxcore.dll
0x00007ffaa35e0000 - 0x00007ffaa3716000 	C:\WINDOWS\System32\MSCTF.dll
0x00007ffa91be0000 - 0x00007ffa91c60000 	C:\Program Files\Java\jdk-11\bin\freetype.dll
0x00007ffa880f0000 - 0x00007ffa8815f000 	C:\Program Files\Java\jdk-11\bin\fontmanager.dll
0x00007ffaa3b40000 - 0x00007ffaa3be2000 	C:\WINDOWS\System32\clbcatq.dll
0x00007ffa99b70000 - 0x00007ffa99d1f000 	C:\WINDOWS\SYSTEM32\WindowsCodecs.dll
0x00007ffa8fa50000 - 0x00007ffa8fa8a000 	C:\WINDOWS\system32\dataexchange.dll
0x00007ffa9e060000 - 0x00007ffa9e2bb000 	C:\WINDOWS\system32\d3d11.dll
0x00007ffa9e750000 - 0x00007ffa9e92b000 	C:\WINDOWS\system32\dcomp.dll
0x00007ffa9fef0000 - 0x00007ffa9ffdb000 	C:\WINDOWS\system32\dxgi.dll
0x00007ffa9f240000 - 0x00007ffa9f49a000 	C:\WINDOWS\system32\twinapi.appcore.dll
0x00007ffa9f6b0000 - 0x00007ffa9f6d9000 	C:\WINDOWS\system32\RMCLIENT.dll
0x00007ffa9ca00000 - 0x00007ffa9ca9e000 	C:\WINDOWS\System32\TextInputFramework.dll
0x00007ffa9ad80000 - 0x00007ffa9b0aa000 	C:\WINDOWS\System32\CoreUIComponents.dll
0x00007ffa9e930000 - 0x00007ffa9ea04000 	C:\WINDOWS\System32\CoreMessaging.dll
0x00007ffaa0250000 - 0x00007ffaa0281000 	C:\WINDOWS\SYSTEM32\ntmarta.dll
0x00007ffa9cd40000 - 0x00007ffa9ce93000 	C:\WINDOWS\SYSTEM32\wintypes.dll
0x00007ffa921a0000 - 0x00007ffa92446000 	C:\WINDOWS\System32\iertutil.dll
0x00007ffa9c6a0000 - 0x00007ffa9c749000 	C:\WINDOWS\WinSxS\amd64_microsoft.windows.common-controls_6595b64144ccf1df_5.82.18362.418_none_2a23d356466d526c\comctl32.dll
0x00007ffa9d440000 - 0x00007ffa9d52f000 	C:\WINDOWS\system32\propsys.dll
0x00007ffa8d690000 - 0x00007ffa8d6a6000 	C:\WINDOWS\system32\NetworkExplorer.dll
0x00007ffa8aeb0000 - 0x00007ffa8af0e000 	C:\Windows\System32\thumbcache.dll
0x00007ffa87350000 - 0x00007ffa8736b000 	C:\WINDOWS\SYSTEM32\MPR.dll
0x00007ffa9ab50000 - 0x00007ffa9ab5b000 	C:\WINDOWS\System32\drprov.dll
0x00007ffaa02c0000 - 0x00007ffaa031c000 	C:\WINDOWS\System32\WINSTA.dll
0x00007ffa97d10000 - 0x00007ffa97d25000 	C:\WINDOWS\System32\ntlanman.dll
0x00007ffa92830000 - 0x00007ffa9284d000 	C:\WINDOWS\System32\davclnt.dll
0x00007ffa9ab40000 - 0x00007ffa9ab4c000 	C:\WINDOWS\System32\DAVHLPR.dll
0x00007ffa9c920000 - 0x00007ffa9c937000 	C:\WINDOWS\System32\wkscli.dll
0x00007ffa86f00000 - 0x00007ffa86f12000 	C:\WINDOWS\SYSTEM32\cscapi.dll
0x00007ffaa08a0000 - 0x00007ffaa08ac000 	C:\WINDOWS\System32\netutils.dll
0x00007ffa8fc80000 - 0x00007ffa8fcd3000 	C:\Windows\System32\dlnashext.dll
0x00007ffa6fdc0000 - 0x00007ffa6fe24000 	C:\Windows\System32\PlayToDevice.dll
0x00007ffa9c540000 - 0x00007ffa9c560000 	C:\Windows\System32\DevDispItemProvider.dll
0x00007ffa9b230000 - 0x00007ffa9b2a2000 	C:\WINDOWS\System32\MMDevApi.dll
0x00007ffaa1010000 - 0x00007ffaa103a000 	C:\WINDOWS\System32\DEVOBJ.dll
0x00007ffa6f620000 - 0x00007ffa6f6bb000 	C:\WINDOWS\system32\wpdshext.dll
0x00007ffa9a1a0000 - 0x00007ffa9a343000 	C:\WINDOWS\WinSxS\amd64_microsoft.windows.gdiplus_6595b64144ccf1df_1.1.18362.418_none_17b1a56c6d9fd02b\gdiplus.dll
0x00007ffa7b6f0000 - 0x00007ffa7b78e000 	C:\Windows\System32\PortableDeviceApi.dll
0x00007ffaa3dc0000 - 0x00007ffaa4230000 	C:\WINDOWS\System32\SETUPAPI.dll
0x00007ffaa1580000 - 0x00007ffaa15dc000 	C:\WINDOWS\System32\WINTRUST.dll
0x00007ffa86f20000 - 0x00007ffa86f57000 	C:\Windows\System32\EhStorShell.dll
0x00007ffa91680000 - 0x00007ffa916a5000 	C:\Windows\System32\EhStorAPI.dll
0x00007ffa9fcd0000 - 0x00007ffa9fce3000 	C:\Windows\System32\WTSAPI32.dll
0x00007ffa95e50000 - 0x00007ffa95e5d000 	C:\WINDOWS\SYSTEM32\LINKINFO.dll
0x00007ffa89460000 - 0x00007ffa8946c000 	C:\WINDOWS\SYSTEM32\Secur32.dll
0x00007ffaa1100000 - 0x00007ffaa112f000 	C:\WINDOWS\SYSTEM32\SSPICLI.DLL
0x00007ffa9b210000 - 0x00007ffa9b228000 	C:\WINDOWS\SYSTEM32\samcli.dll
0x00007ffa9d620000 - 0x00007ffa9d643000 	C:\WINDOWS\SYSTEM32\SAMLIB.dll

dbghelp: loaded successfully - version: 4.0.5 - missing functions: none
symbol engine: initialized successfully - sym options: 0x614 - pdb path: .;C:\Program Files\Java\jdk-11\bin;C:\WINDOWS\SYSTEM32;C:\WINDOWS\WinSxS\amd64_microsoft.windows.common-controls_6595b64144ccf1df_6.0.18362.418_none_e6c6b287130d565d;C:\Program Files\Java\jdk-11\bin\server;C:\Program Files\JetBrains\IntelliJ IDEA 2019.2.3\bin;C:\opencv\build\java\x64;C:\WINDOWS\WinSxS\amd64_microsoft.windows.common-controls_6595b64144ccf1df_5.82.18362.418_none_2a23d356466d526c;C:\WINDOWS\WinSxS\amd64_microsoft.windows.gdiplus_6595b64144ccf1df_1.1.18362.418_none_17b1a56c6d9fd02b

VM Arguments:
jvm_args: -Djava.library.path=C:\opencv\build\java\x64 -javaagent:C:\Program Files\JetBrains\IntelliJ IDEA 2019.2.3\lib\idea_rt.jar=56589:C:\Program Files\JetBrains\IntelliJ IDEA 2019.2.3\bin -Dfile.encoding=UTF-8 
java_command: main.java.com.company.Runner
java_class_path (initial): C:\Users\Mahmut\IdeaProjects\openCvOCR\target\classes;C:\opencv2.4\opencv\build\java\opencv-2413.jar;C:\opencv\build\x64\vc14\lib;C:\opencv\build\java\opencv-411.jar;C:\Users\Mahmut\.m2\repository\net\sourceforge\tess4j\tess4j\4.3.1\tess4j-4.3.1.jar;C:\Users\Mahmut\.m2\repository\net\java\dev\jna\jna\5.1.0\jna-5.1.0.jar;C:\Users\Mahmut\.m2\repository\com\github\jai-imageio\jai-imageio-core\1.4.0\jai-imageio-core-1.4.0.jar;C:\Users\Mahmut\.m2\repository\org\ghost4j\ghost4j\1.0.1\ghost4j-1.0.1.jar;C:\Users\Mahmut\.m2\repository\log4j\log4j\1.2.17\log4j-1.2.17.jar;C:\Users\Mahmut\.m2\repository\commons-beanutils\commons-beanutils\1.9.2\commons-beanutils-1.9.2.jar;C:\Users\Mahmut\.m2\repository\commons-collections\commons-collections\3.2.1\commons-collections-3.2.1.jar;C:\Users\Mahmut\.m2\repository\org\apache\xmlgraphics\xmlgraphics-commons\1.4\xmlgraphics-commons-1.4.jar;C:\Users\Mahmut\.m2\repository\com\lowagie\itext\2.1.7\itext-2.1.7.jar;C:\Users\Mahmut\.m2\repository\org\apache\pdfbox\pdfbox\2.0.12\pdfbox-2.0.12.jar;C:\Users\Mahmut\.m2\repository\org\apache\pdfbox\fontbox\2.0.12\fontbox-2.0.12.jar;C:\Users\Mahmut\.m2\repository\commons-logging\commons-logging\1.2\commons-logging-1.2.jar;C:\Users\Mahmut\.m2\repository\org\apache\pdfbox\pdfbox-tools\2.0.12\pdfbox-tools-2.0.12.jar;C:\Users\Mahmut\.m2\repository\org\apache\pdfbox\pdfbox-debugger\2.0.12\pdfbox-debugger-2.0.12.jar;C:\Users\Mahmut\.m2\repository\org\apache\pdfbox\jbig2-imageio\3.0.2\jbig2-imageio-3.0.2.jar;C:\Users\Mahmut\.m2\repository\commons-io\commons-io\2.6\commons-io-2.6.jar;C:\Users\Mahmut\.m2\repository\net\sourceforge\lept4j\lept4j\1.10.0\lept4j-1.10.0.jar;C:\Users\Mahmut\.m2\repository\org\jboss\jboss-vfs\3.2.14.Final\jboss-vfs-3.2.14.Final.jar;C:\Users\Mahmut\.m2\repository\org\jboss\logging\jboss-logging\3.1.4.GA\jboss-logging-3.1.4.GA.jar;C:\Users\Mahmut\.m2\repository\ch\qos\logback\logback-classic\1.2.3\logback-classic-1.2.3.jar;C:\Users\Mahmut\.m2\repository\c
Launcher Type: SUN_STANDARD

[Global flags]
     intx CICompilerCount                          = 4                                         {product} {ergonomic}
     uint ConcGCThreads                            = 2                                         {product} {ergonomic}
     uint G1ConcRefinementThreads                  = 8                                         {product} {ergonomic}
   size_t G1HeapRegionSize                         = 1048576                                   {product} {ergonomic}
    uintx GCDrainStackTargetSize                   = 64                                        {product} {ergonomic}
   size_t InitialHeapSize                          = 134217728                                 {product} {ergonomic}
   size_t MarkStackSize                            = 4194304                                   {product} {ergonomic}
   size_t MaxHeapSize                              = 2120220672                                {product} {ergonomic}
   size_t MaxNewSize                               = 1271922688                                {product} {ergonomic}
   size_t MinHeapDeltaBytes                        = 1048576                                   {product} {ergonomic}
    uintx NonNMethodCodeHeapSize                   = 5835340                                {pd product} {ergonomic}
    uintx NonProfiledCodeHeapSize                  = 122911450                              {pd product} {ergonomic}
    uintx ProfiledCodeHeapSize                     = 122911450                              {pd product} {ergonomic}
    uintx ReservedCodeCacheSize                    = 251658240                              {pd product} {ergonomic}
     bool SegmentedCodeCache                       = true                                      {product} {ergonomic}
     bool UseCompressedClassPointers               = true                                 {lp64_product} {ergonomic}
     bool UseCompressedOops                        = true                                 {lp64_product} {ergonomic}
     bool UseG1GC                                  = true                                      {product} {ergonomic}
     bool UseLargePagesIndividualAllocation        = false                                  {pd product} {ergonomic}

Logging:
Log output configuration:
 #0: stdout all=warning uptime,level,tags
 #1: stderr all=off uptime,level,tags

Environment Variables:
PATH=C:\Program Files (x86)\Common Files\Oracle\Java\javapath;C:\Windows\system32;C:\Windows;C:\Windows\System32\Wbem;C:\Windows\System32\WindowsPowerShell\v1.0\;C:\Windows\System32\OpenSSH\;C:\Program Files (x86)\NVIDIA Corporation\PhysX\Common;C:\Program Files\NVIDIA Corporation\NVIDIA NvDLISR;C:\Program Files\Git\Git\cmd;C:\WINDOWS\system32;C:\WINDOWS;C:\WINDOWS\System32\Wbem;C:\WINDOWS\System32\WindowsPowerShell\v1.0\;C:\WINDOWS\System32\OpenSSH\;C:\Program Files\nodejs\;C:\opencv\build\x64\vc15\bin;C:\Users\Mahmut\AppData\Local\Microsoft\WindowsApps;C:\Flutter\flutter\bin;C:\Users\Mahmut\AppData\Local\atom\bin;C:\Users\Mahmut\AppData\Local\Microsoft\WindowsApps;C:\Users\Mahmut\AppData\Local\GitHubDesktop\bin;C:\Users\Mahmut\AppData\Roaming\npm;C:\Program Files\Tesseract-OCR;C:\opencv\build\x64\vc15\bin;
USERNAME=Mahmut
OS=Windows_NT
PROCESSOR_IDENTIFIER=Intel64 Family 6 Model 94 Stepping 3, GenuineIntel



---------------  S Y S T E M  ---------------

OS: Windows 10 , 64 bit Build 18362 (10.0.18362.329)

CPU:total 8 (initial active 8) (4 cores per cpu, 2 threads per core) family 6 model 94 stepping 3, cmov, cx8, fxsr, mmx, sse, sse2, sse3, ssse3, sse4.1, sse4.2, popcnt, avx, avx2, aes, clmul, erms, rtm, 3dnowpref, lzcnt, ht, tsc, tscinvbit, bmi1, bmi2, adx, fma

Memory: 4k page, system-wide physical 8081M (3093M free)
TotalPageFile size 12177M (AvailPageFile size 5064M)
current process WorkingSet (physical memory assigned to process): 120M, peak: 134M
current process commit charge ("private bytes"): 247M, peak: 262M

vm_info: Java HotSpot(TM) 64-Bit Server VM (11+28) for windows-amd64 JRE (11+28), built on Aug 23 2018 03:03:59 by "mach5one" with MS VC++ 15.5 (VS2017)

END.
